FAILURE: Build failed with an exception.
â€¦ +11 lines

BUILD FAILED in 26s

