FAILURE: Build completed with 2 failures.
â€¦ +32 lines

BUILD FAILED in 3s

